0 info it worked if it ends with ok
1 verbose cli [ 'node', '/usr/local/bin/npm', 'start' ]
2 info using npm@3.8.8
3 info using node@v0.12.3
4 verbose config Skipping project config: /Users/vivianhare/.npmrc. (matches userconfig)
5 verbose stack Error: ENOENT, open '/Users/vivianhare/package.json'
5 verbose stack     at Error (native)
6 verbose cwd /Users/vivianhare/Desktop/recipe_parser
7 error Darwin 14.5.0
8 error argv "node" "/usr/local/bin/npm" "start"
9 error node v0.12.3
10 error npm  v3.8.8
11 error path /Users/vivianhare/package.json
12 error code ENOENT
13 error errno -2
14 error enoent ENOENT, open '/Users/vivianhare/package.json'
15 error enoent ENOENT, open '/Users/vivianhare/package.json'
15 error enoent This is most likely not a problem with npm itself
15 error enoent and is related to npm not being able to find a file.
16 verbose exit [ -2, true ]
